<?xml version="1.0" encoding="UTF-8"?>
<!-- Generated by org.testng.reporters.JUnitReportReporter -->
<testsuite skipped="0" hostname="DESKTOP-1M08FT5" name="Test1" tests="6" failures="0" timestamp="11 Jul 2018 13:59:50 GMT" time="40.485" errors="0">
  <testcase name="test1" time="16.503" classname="Test1"/>
  <testcase name="test1" time="4.442" classname="Test1"/>
  <testcase name="test1" time="3.187" classname="Test1"/>
  <testcase name="test1" time="3.557" classname="Test1"/>
  <testcase name="test1" time="8.916" classname="Test1"/>
  <testcase name="test1" time="3.880" classname="Test1"/>
</testsuite> <!-- Test1 -->
