<?xml version="1.0" encoding="UTF-8"?>
<!-- Generated by org.testng.reporters.JUnitReportReporter -->
<testsuite skipped="0" hostname="hxlws-jperrino" name="Test2" tests="4" failures="0" timestamp="25 jul 2018 12:57:29 GMT" time="14.633" errors="0">
  <testcase name="invalid_login_empty_fields" time="2.008" classname="Test2"/>
  <testcase name="invalid_login_empty_username" time="2.589" classname="Test2"/>
  <testcase name="invalid_login_empty_password" time="7.516" classname="Test2"/>
  <testcase name="successful_login" time="2.520" classname="Test2"/>
</testsuite> <!-- Test2 -->
